# JRE version: OpenJDK Runtime Environment 18.9 (11.0.14.1+1) (build 11.0.14.1+1)
# Java VM: OpenJDK 64-Bit Server VM 18.9 (11.0.14.1+1, mixed mode, tiered, compressed oops, g1 gc, windows-amd64)
Heap:
 garbage-first heap   total 131072K, used 72861K [0x0000000081600000, 0x0000000100000000)
  region size 1024K, 41 young (41984K), 6 survivors (6144K)
 Metaspace       used 54322K, capacity 54932K, committed 55040K, reserved 1097728K
  class space    used 6110K, capacity 6346K, committed 6400K, reserved 1048576K
GC Heap History (12 events):
Event: 7.293 GC heap before
{Heap before GC invocations=0 (full 0):
 garbage-first heap   total 131072K, used 18432K [0x0000000081600000, 0x0000000100000000)
  region size 1024K, 14 young (14336K), 0 survivors (0K)
 Metaspace       used 9440K, capacity 9551K, committed 9856K, reserved 1058816K
  class space    used 780K, capacity 820K, committed 896K, reserved 1048576K
}
Event: 7.623 GC heap after
{Heap after GC invocations=1 (full 0):
 garbage-first heap   total 131072K, used 6502K [0x0000000081600000, 0x0000000100000000)
  region size 1024K, 2 young (2048K), 2 survivors (2048K)
 Metaspace       used 9440K, capacity 9551K, committed 9856K, reserved 1058816K
  class space    used 780K, capacity 820K, committed 896K, reserved 1048576K
}
Event: 18.211 GC heap before
{Heap before GC invocations=1 (full 0):
 garbage-first heap   total 131072K, used 55654K [0x0000000081600000, 0x0000000100000000)
  region size 1024K, 51 young (52224K), 2 survivors (2048K)
 Metaspace       used 21025K, capacity 21185K, committed 21248K, reserved 1069056K
  class space    used 2215K, capacity 2302K, committed 2304K, reserved 1048576K
}
Event: 18.248 GC heap after
{Heap after GC invocations=2 (full 0):
 garbage-first heap   total 131072K, used 10792K [0x0000000081600000, 0x0000000100000000)
  region size 1024K, 7 young (7168K), 7 survivors (7168K)
 Metaspace       used 21025K, capacity 21185K, committed 21248K, reserved 1069056K
  class space    used 2215K, capacity 2302K, committed 2304K, reserved 1048576K
}
Event: 30.028 GC heap before
{Heap before GC invocations=3 (full 0):
 garbage-first heap   total 131072K, used 67112K [0x0000000081600000, 0x0000000100000000)
  region size 1024K, 56 young (57344K), 7 survivors (7168K)
 Metaspace       used 30778K, capacity 31228K, committed 31488K, reserved 1077248K
  class space    used 3594K, capacity 3790K, committed 3840K, reserved 1048576K
}
Event: 30.068 GC heap after
{Heap after GC invocations=4 (full 0):
 garbage-first heap   total 131072K, used 24424K [0x0000000081600000, 0x0000000100000000)
  region size 1024K, 7 young (7168K), 7 survivors (7168K)
 Metaspace       used 30778K, capacity 31228K, committed 31488K, reserved 1077248K
  class space    used 3594K, capacity 3790K, committed 3840K, reserved 1048576K
}
Event: 33.144 GC heap before
{Heap before GC invocations=4 (full 0):
 garbage-first heap   total 131072K, used 42856K [0x0000000081600000, 0x0000000100000000)
  region size 1024K, 26 young (26624K), 7 survivors (7168K)
 Metaspace       used 35268K, capacity 35660K, committed 35840K, reserved 1081344K
  class space    used 4258K, capacity 4433K, committed 4480K, reserved 1048576K
}
Event: 33.192 GC heap after
{Heap after GC invocations=5 (full 0):
 garbage-first heap   total 131072K, used 27224K [0x0000000081600000, 0x0000000100000000)
  region size 1024K, 3 young (3072K), 3 survivors (3072K)
 Metaspace       used 35268K, capacity 35660K, committed 35840K, reserved 1081344K
  class space    used 4258K, capacity 4433K, committed 4480K, reserved 1048576K
}
Event: 41.714 GC heap before
{Heap before GC invocations=6 (full 0):
 garbage-first heap   total 131072K, used 76376K [0x0000000081600000, 0x0000000100000000)
  region size 1024K, 51 young (52224K), 3 survivors (3072K)
 Metaspace       used 44920K, capacity 45376K, committed 45696K, reserved 1089536K
  class space    used 5175K, capacity 5384K, committed 5504K, reserved 1048576K
}
Event: 41.733 GC heap after
{Heap after GC invocations=7 (full 0):
 garbage-first heap   total 131072K, used 30484K [0x0000000081600000, 0x0000000100000000)
  region size 1024K, 7 young (7168K), 7 survivors (7168K)
 Metaspace       used 44920K, capacity 45376K, committed 45696K, reserved 1089536K
  class space    used 5175K, capacity 5384K, committed 5504K, reserved 1048576K
}
Event: 55.878 GC heap before
{Heap before GC invocations=7 (full 0):
 garbage-first heap   total 131072K, used 84756K [0x0000000081600000, 0x0000000100000000)
  region size 1024K, 57 young (58368K), 7 survivors (7168K)
 Metaspace       used 49719K, capacity 50251K, committed 50560K, reserved 1093632K
  class space    used 5711K, capacity 5921K, committed 6016K, reserved 1048576K
}
Event: 55.911 GC heap after
{Heap after GC invocations=8 (full 0):
 garbage-first heap   total 131072K, used 38045K [0x0000000081600000, 0x0000000100000000)
  region size 1024K, 6 young (6144K), 6 survivors (6144K)
 Metaspace       used 49719K, capacity 50251K, committed 50560K, reserved 1093632K
  class space    used 5711K, capacity 5921K, committed 6016K, reserved 1048576K
}

